<?xml version="1.0" encoding="UTF-8"?>
<!-- Generated by org.testng.reporters.JUnitReportReporter -->
<testsuite hostname="ip-172-31-39-64" name="test.test" tests="1" failures="0" timestamp="29 Nov 2020 17:40:46 GMT" time="4.967" errors="0">
  <testcase name="testcase" time="4.967" classname="test.test"/>
</testsuite> <!-- test.test -->
